2024-04-09 16:08:46,370 - INFO - Train epoch 1, loss 0.5878162781397501
2024-04-09 16:08:46,389 - INFO - Validate loss 0.37636180718739826
2024-04-09 16:08:46,390 - INFO - Save model to d:\XLoglizer\loglizer/checkpoints/20240409160844.pth
2024-04-09 16:08:46,965 - INFO - Train epoch 2, loss 0.3441338009393967
2024-04-09 16:08:46,979 - INFO - Validate loss 0.33876003821690875
2024-04-09 16:08:46,979 - INFO - Save model to d:\XLoglizer\loglizer/checkpoints/20240409160844.pth
2024-04-09 16:08:47,586 - INFO - Train epoch 3, loss 0.31738557565856623
2024-04-09 16:08:47,599 - INFO - Validate loss 0.2799424429734548
2024-04-09 16:08:47,599 - INFO - Save model to d:\XLoglizer\loglizer/checkpoints/20240409160844.pth
2024-04-09 16:08:48,211 - INFO - Train epoch 4, loss 0.28993942963110436
2024-04-09 16:08:48,225 - INFO - Validate loss 0.26876525084177655
2024-04-09 16:08:48,225 - INFO - Save model to d:\XLoglizer\loglizer/checkpoints/20240409160844.pth
2024-04-09 16:08:48,805 - INFO - Train epoch 5, loss 0.25359700700721227
2024-04-09 16:08:48,819 - INFO - Validate loss 0.24834794302781424
2024-04-09 16:08:48,819 - INFO - Save model to d:\XLoglizer\loglizer/checkpoints/20240409160844.pth
2024-04-09 16:08:49,366 - INFO - Train epoch 6, loss 0.24168188495410456
2024-04-09 16:08:49,415 - INFO - Validate loss 0.24111685156822205
2024-04-09 16:08:49,415 - INFO - Save model to d:\XLoglizer\loglizer/checkpoints/20240409160844.pth
2024-04-09 16:08:49,963 - INFO - Train epoch 7, loss 0.23673781999596605
2024-04-09 16:08:49,976 - INFO - Validate loss 0.23227175573507944
2024-04-09 16:08:49,976 - INFO - Save model to d:\XLoglizer\loglizer/checkpoints/20240409160844.pth
2024-04-09 16:08:50,561 - INFO - Train epoch 8, loss 0.24324632644116342
2024-04-09 16:08:50,579 - INFO - Validate loss 0.36402466893196106
2024-04-09 16:08:51,204 - INFO - Train epoch 9, loss 0.23751865248153875
2024-04-09 16:08:51,227 - INFO - Validate loss 0.2270150383313497
2024-04-09 16:08:51,227 - INFO - Save model to d:\XLoglizer\loglizer/checkpoints/20240409160844.pth
2024-04-09 16:08:51,868 - INFO - Train epoch 10, loss 0.22957560130067775
2024-04-09 16:08:51,886 - INFO - Validate loss 0.23228022952874502
2024-04-09 16:08:52,505 - INFO - Train epoch 11, loss 0.216039959495669
2024-04-09 16:08:52,524 - INFO - Validate loss 0.22519452373186746
2024-04-09 16:08:52,524 - INFO - Save model to d:\XLoglizer\loglizer/checkpoints/20240409160844.pth
2024-04-09 16:08:53,148 - INFO - Train epoch 12, loss 0.21261854470447378
2024-04-09 16:08:53,173 - INFO - Validate loss 0.22218131025632223
2024-04-09 16:08:53,174 - INFO - Save model to d:\XLoglizer\loglizer/checkpoints/20240409160844.pth
2024-04-09 16:08:53,800 - INFO - Train epoch 13, loss 0.21365962697042
2024-04-09 16:08:53,819 - INFO - Validate loss 0.2193030764659246
2024-04-09 16:08:53,819 - INFO - Save model to d:\XLoglizer\loglizer/checkpoints/20240409160844.pth
2024-04-09 16:08:54,445 - INFO - Train epoch 14, loss 0.21043355588440424
2024-04-09 16:08:54,464 - INFO - Validate loss 0.21883368492126465
2024-04-09 16:08:54,464 - INFO - Save model to d:\XLoglizer\loglizer/checkpoints/20240409160844.pth
2024-04-09 16:08:55,086 - INFO - Train epoch 15, loss 0.20660391605652131
2024-04-09 16:08:55,106 - INFO - Validate loss 0.22215034067630768
2024-04-09 16:08:55,733 - INFO - Train epoch 16, loss 0.2471328823684572
2024-04-09 16:08:55,757 - INFO - Validate loss 0.22845089435577393
2024-04-09 16:08:56,406 - INFO - Train epoch 17, loss 0.2210625544995875
2024-04-09 16:08:56,427 - INFO - Validate loss 0.2346554547548294
2024-04-09 16:08:57,074 - INFO - Train epoch 18, loss 0.21267889532688503
2024-04-09 16:08:57,098 - INFO - Validate loss 0.2221784989039103
2024-04-09 16:08:57,732 - INFO - Train epoch 19, loss 0.20670310125963107
2024-04-09 16:08:57,751 - INFO - Validate loss 0.2222366432348887
2024-04-09 16:08:58,389 - INFO - Train epoch 20, loss 0.21911756002956684
2024-04-09 16:08:58,407 - INFO - Validate loss 0.21888577938079834
2024-04-09 16:08:59,046 - INFO - Train epoch 21, loss 0.20540158851995124
2024-04-09 16:08:59,066 - INFO - Validate loss 0.221121147274971
2024-04-09 16:08:59,702 - INFO - Train epoch 22, loss 0.20820324690760794
2024-04-09 16:08:59,726 - INFO - Validate loss 0.2183199922243754
2024-04-09 16:08:59,727 - INFO - Save model to d:\XLoglizer\loglizer/checkpoints/20240409160844.pth
2024-04-09 16:09:00,352 - INFO - Train epoch 23, loss 0.20434389848698367
2024-04-09 16:09:00,375 - INFO - Validate loss 0.21981220444043478
2024-04-09 16:09:01,000 - INFO - Train epoch 24, loss 0.21106021570058556
2024-04-09 16:09:01,019 - INFO - Validate loss 0.299195518096288
2024-04-09 16:09:01,658 - INFO - Train epoch 25, loss 0.21923274451547914
2024-04-09 16:09:01,681 - INFO - Validate loss 0.22239123781522116
2024-04-09 16:09:02,315 - INFO - Train epoch 26, loss 0.21030183630483645
2024-04-09 16:09:02,339 - INFO - Validate loss 0.23694137235482535
2024-04-09 16:09:02,960 - INFO - Train epoch 27, loss 0.218506557581661
2024-04-09 16:09:02,978 - INFO - Validate loss 0.22063749035199484
2024-04-09 16:09:03,600 - INFO - Train epoch 28, loss 0.20914951318556124
2024-04-09 16:09:03,618 - INFO - Validate loss 0.221612349152565
2024-04-09 16:09:04,240 - INFO - Train epoch 29, loss 0.20582181819387385
2024-04-09 16:09:04,262 - INFO - Validate loss 0.21784656246503195
2024-04-09 16:09:04,262 - INFO - Save model to d:\XLoglizer\loglizer/checkpoints/20240409160844.pth
2024-04-09 16:09:04,886 - INFO - Train epoch 30, loss 0.20618912758859428
2024-04-09 16:09:04,904 - INFO - Validate loss 0.22114037970701853
2024-04-09 16:09:05,530 - INFO - Train epoch 31, loss 0.21603154378968317
2024-04-09 16:09:05,550 - INFO - Validate loss 0.2194750209649404
2024-04-09 16:09:06,176 - INFO - Train epoch 32, loss 0.21028898300619814
2024-04-09 16:09:06,200 - INFO - Validate loss 0.2302585393190384
2024-04-09 16:09:06,843 - INFO - Train epoch 33, loss 0.21002642464664606
2024-04-09 16:09:06,863 - INFO - Validate loss 0.2168197234471639
2024-04-09 16:09:06,864 - INFO - Save model to d:\XLoglizer\loglizer/checkpoints/20240409160844.pth
2024-04-09 16:09:07,488 - INFO - Train epoch 34, loss 0.2015852539388983
2024-04-09 16:09:07,509 - INFO - Validate loss 0.219558318456014
2024-04-09 16:09:08,132 - INFO - Train epoch 35, loss 0.20254151915107763
2024-04-09 16:09:08,151 - INFO - Validate loss 0.21995689471562704
2024-04-09 16:09:08,780 - INFO - Train epoch 36, loss 0.2008875427213875
2024-04-09 16:09:08,799 - INFO - Validate loss 0.3507159849007924
2024-04-09 16:09:09,424 - INFO - Train epoch 37, loss 0.20637502455496573
2024-04-09 16:09:09,443 - INFO - Validate loss 0.2144971340894699
2024-04-09 16:09:09,443 - INFO - Save model to d:\XLoglizer\loglizer/checkpoints/20240409160844.pth
2024-04-09 16:09:10,080 - INFO - Train epoch 38, loss 0.19956608497881675
2024-04-09 16:09:10,104 - INFO - Validate loss 0.21693622569243112
2024-04-09 16:09:10,728 - INFO - Train epoch 39, loss 0.2101312520267727
2024-04-09 16:09:10,746 - INFO - Validate loss 0.22072708110014597
2024-04-09 16:09:11,381 - INFO - Train epoch 40, loss 0.20359353507692748
2024-04-09 16:09:11,406 - INFO - Validate loss 0.2187051773071289
2024-04-09 16:09:12,045 - INFO - Train epoch 41, loss 0.21251321734340342
2024-04-09 16:09:12,065 - INFO - Validate loss 0.21932782232761383
2024-04-09 16:09:12,695 - INFO - Train epoch 42, loss 0.19835818992541718
2024-04-09 16:09:12,714 - INFO - Validate loss 0.2143249660730362
2024-04-09 16:09:12,714 - INFO - Save model to d:\XLoglizer\loglizer/checkpoints/20240409160844.pth
2024-04-09 16:09:13,343 - INFO - Train epoch 43, loss 0.20064234106658815
2024-04-09 16:09:13,367 - INFO - Validate loss 0.21740083893140158
2024-04-09 16:09:13,993 - INFO - Train epoch 44, loss 0.19688676674892236
2024-04-09 16:09:14,011 - INFO - Validate loss 0.21389496823151907
2024-04-09 16:09:14,011 - INFO - Save model to d:\XLoglizer\loglizer/checkpoints/20240409160844.pth
2024-04-09 16:09:14,643 - INFO - Train epoch 45, loss 0.20609829313046224
2024-04-09 16:09:14,663 - INFO - Validate loss 0.2308857043584188
2024-04-09 16:09:15,290 - INFO - Train epoch 46, loss 0.2032004407128772
2024-04-09 16:09:15,309 - INFO - Validate loss 0.21435066064198813
2024-04-09 16:09:15,934 - INFO - Train epoch 47, loss 0.19903864720248962
2024-04-09 16:09:15,958 - INFO - Validate loss 0.21658064424991608
2024-04-09 16:09:16,594 - INFO - Train epoch 48, loss 0.20149188974687646
2024-04-09 16:09:16,617 - INFO - Validate loss 0.21828614672025046
2024-04-09 16:09:17,249 - INFO - Train epoch 49, loss 0.19843376532599732
2024-04-09 16:09:17,307 - INFO - Validate loss 0.21811365087827048
2024-04-09 16:09:17,931 - INFO - Train epoch 50, loss 0.20502926367628682
2024-04-09 16:09:17,949 - INFO - Validate loss 0.22006029884020487
2024-04-09 16:09:17,949 - INFO - Load model from d:\XLoglizer\loglizer/checkpoints/20240409160844.pth
2024-04-09 16:09:43,392 - INFO - {'topk': 1, 'false positive': 193934, 'false negative': 3, 'precision': 0.07987417504471721, 'recall': 0.9998218315714456, 'f1': 0.14793042393248013, 'accuracy': 0.6576188660325262}
2024-04-09 16:09:43,426 - INFO - {'topk': 2, 'false positive': 118956, 'false negative': 4, 'precision': 0.12397083732233596, 'recall': 0.9997624420952608, 'f1': 0.22058862069869226, 'accuracy': 0.789985099817102}
2024-04-09 16:09:43,459 - INFO - {'topk': 3, 'false positive': 66308, 'false negative': 13, 'precision': 0.20238653723551417, 'recall': 0.9992279368095973, 'f1': 0.3365976133078592, 'accuracy': 0.8829152808084232}
2024-04-09 16:09:43,490 - INFO - {'topk': 4, 'false positive': 3879, 'false negative': 19, 'precision': 0.8125905884626534, 'recall': 0.9988715999524884, 'f1': 0.8961530264279626, 'accuracy': 0.9931183752445113}
2024-04-09 16:09:43,521 - INFO - {'topk': 5, 'false positive': 2163, 'false negative': 31, 'precision': 0.8859778597785978, 'recall': 0.9981589262382706, 'f1': 0.9387287756925827, 'accuracy': 0.9961266586163309}
2024-04-09 16:09:43,551 - INFO - {'topk': 6, 'false positive': 1646, 'false negative': 326, 'precision': 0.9093512501376804, 'recall': 0.9806390307637487, 'f1': 0.9436507029374785, 'accuracy': 0.9965185828584341}
2024-04-09 16:09:43,581 - INFO - {'topk': 7, 'false positive': 1140, 'false negative': 744, 'precision': 0.9338516885226877, 'recall': 0.9558142297184938, 'f1': 0.9447053298896454, 'accuracy': 0.9966739402156642}
2024-04-09 16:09:43,611 - INFO - {'topk': 8, 'false positive': 965, 'false negative': 1062, 'precision': 0.9423570873902395, 'recall': 0.9369283762917211, 'f1': 0.9396348908544029, 'accuracy': 0.9964214845101653}
2024-04-09 16:09:43,641 - INFO - {'topk': 9, 'false positive': 901, 'false negative': 3311, 'precision': 0.9375519822567231, 'recall': 0.8033614443520608, 'f1': 0.8652849740932643, 'accuracy': 0.992564031947122}
