2024-04-10 00:01:22,102 - INFO - Train epoch 1, loss 0.597788791130255
2024-04-10 00:01:22,121 - INFO - Validate loss 0.3779745399951935
2024-04-10 00:01:22,121 - INFO - Save model to d:\XLoglizer\loglizer/checkpoints/20240410000119.pth
2024-04-10 00:01:22,651 - INFO - Train epoch 2, loss 0.3440990439943365
2024-04-10 00:01:22,663 - INFO - Validate loss 0.3156119684378306
2024-04-10 00:01:22,663 - INFO - Save model to d:\XLoglizer\loglizer/checkpoints/20240410000119.pth
2024-04-10 00:01:23,165 - INFO - Train epoch 3, loss 0.3019238845453606
2024-04-10 00:01:23,177 - INFO - Validate loss 0.2865041295687358
2024-04-10 00:01:23,177 - INFO - Save model to d:\XLoglizer\loglizer/checkpoints/20240410000119.pth
2024-04-10 00:01:23,678 - INFO - Train epoch 4, loss 0.28049905571314665
2024-04-10 00:01:23,689 - INFO - Validate loss 0.2648792068163554
2024-04-10 00:01:23,689 - INFO - Save model to d:\XLoglizer\loglizer/checkpoints/20240410000119.pth
2024-04-10 00:01:24,187 - INFO - Train epoch 5, loss 0.2678822500748677
2024-04-10 00:01:24,198 - INFO - Validate loss 0.26021074255307514
2024-04-10 00:01:24,198 - INFO - Save model to d:\XLoglizer\loglizer/checkpoints/20240410000119.pth
2024-04-10 00:01:24,694 - INFO - Train epoch 6, loss 0.2540512561261117
2024-04-10 00:01:24,746 - INFO - Validate loss 0.34333284695943195
2024-04-10 00:01:25,235 - INFO - Train epoch 7, loss 0.24573877426955076
2024-04-10 00:01:25,247 - INFO - Validate loss 0.2393186390399933
2024-04-10 00:01:25,247 - INFO - Save model to d:\XLoglizer\loglizer/checkpoints/20240410000119.pth
2024-04-10 00:01:25,739 - INFO - Train epoch 8, loss 0.23856626400002487
2024-04-10 00:01:25,751 - INFO - Validate loss 0.2375051031510035
2024-04-10 00:01:25,751 - INFO - Save model to d:\XLoglizer\loglizer/checkpoints/20240410000119.pth
2024-04-10 00:01:26,280 - INFO - Train epoch 9, loss 0.23095405215884116
2024-04-10 00:01:26,294 - INFO - Validate loss 0.23712088664372763
2024-04-10 00:01:26,294 - INFO - Save model to d:\XLoglizer\loglizer/checkpoints/20240410000119.pth
2024-04-10 00:01:26,850 - INFO - Train epoch 10, loss 0.2269906500035578
2024-04-10 00:01:26,867 - INFO - Validate loss 0.23377591371536255
2024-04-10 00:01:26,867 - INFO - Save model to d:\XLoglizer\loglizer/checkpoints/20240410000119.pth
2024-04-10 00:01:27,416 - INFO - Train epoch 11, loss 0.2320740996583088
2024-04-10 00:01:27,436 - INFO - Validate loss 0.23930860062440237
2024-04-10 00:01:27,982 - INFO - Train epoch 12, loss 0.22497876581844983
2024-04-10 00:01:27,999 - INFO - Validate loss 0.2285254498322805
2024-04-10 00:01:27,999 - INFO - Save model to d:\XLoglizer\loglizer/checkpoints/20240410000119.pth
2024-04-10 00:01:28,547 - INFO - Train epoch 13, loss 0.22576176184523214
2024-04-10 00:01:28,563 - INFO - Validate loss 0.23154250780741373
2024-04-10 00:01:29,122 - INFO - Train epoch 14, loss 0.2193907378761618
2024-04-10 00:01:29,137 - INFO - Validate loss 0.2238955795764923
2024-04-10 00:01:29,138 - INFO - Save model to d:\XLoglizer\loglizer/checkpoints/20240410000119.pth
2024-04-10 00:01:29,697 - INFO - Train epoch 15, loss 0.22928521736516608
2024-04-10 00:01:29,714 - INFO - Validate loss 0.2268856962521871
2024-04-10 00:01:30,291 - INFO - Train epoch 16, loss 0.2135923061687667
2024-04-10 00:01:30,307 - INFO - Validate loss 0.22405515114466348
2024-04-10 00:01:30,884 - INFO - Train epoch 17, loss 0.21228972939220633
2024-04-10 00:01:30,902 - INFO - Validate loss 0.22927521665891012
2024-04-10 00:01:31,481 - INFO - Train epoch 18, loss 0.21597350821033254
2024-04-10 00:01:31,499 - INFO - Validate loss 0.22842906912167868
2024-04-10 00:01:32,076 - INFO - Train epoch 19, loss 0.210663141310215
2024-04-10 00:01:32,092 - INFO - Validate loss 0.2276614010334015
2024-04-10 00:01:32,671 - INFO - Train epoch 20, loss 0.20867564957421106
2024-04-10 00:01:32,687 - INFO - Validate loss 0.22159134844938913
2024-04-10 00:01:32,687 - INFO - Save model to d:\XLoglizer\loglizer/checkpoints/20240410000119.pth
2024-04-10 00:01:33,259 - INFO - Train epoch 21, loss 0.21342641637400464
2024-04-10 00:01:33,274 - INFO - Validate loss 0.22089108328024545
2024-04-10 00:01:33,274 - INFO - Save model to d:\XLoglizer\loglizer/checkpoints/20240410000119.pth
2024-04-10 00:01:33,844 - INFO - Train epoch 22, loss 0.20962793557225046
2024-04-10 00:01:33,861 - INFO - Validate loss 0.22000426054000854
2024-04-10 00:01:33,861 - INFO - Save model to d:\XLoglizer\loglizer/checkpoints/20240410000119.pth
2024-04-10 00:01:34,451 - INFO - Train epoch 23, loss 0.20520334949901511
2024-04-10 00:01:34,473 - INFO - Validate loss 0.22395053505897522
2024-04-10 00:01:35,037 - INFO - Train epoch 24, loss 0.20999064889845548
2024-04-10 00:01:35,053 - INFO - Validate loss 0.22002315521240234
2024-04-10 00:01:35,621 - INFO - Train epoch 25, loss 0.20465747328760386
2024-04-10 00:01:35,637 - INFO - Validate loss 0.21774624288082123
2024-04-10 00:01:35,637 - INFO - Save model to d:\XLoglizer\loglizer/checkpoints/20240410000119.pth
2024-04-10 00:01:36,219 - INFO - Train epoch 26, loss 0.20358426915229977
2024-04-10 00:01:36,235 - INFO - Validate loss 0.22024240593115488
2024-04-10 00:01:36,814 - INFO - Train epoch 27, loss 0.20233130249622705
2024-04-10 00:01:36,832 - INFO - Validate loss 0.23171652853488922
2024-04-10 00:01:37,396 - INFO - Train epoch 28, loss 0.2030457333602884
2024-04-10 00:01:37,411 - INFO - Validate loss 0.22423633436361948
2024-04-10 00:01:37,988 - INFO - Train epoch 29, loss 0.20674451372107944
2024-04-10 00:01:38,003 - INFO - Validate loss 0.23156949381033579
2024-04-10 00:01:38,571 - INFO - Train epoch 30, loss 0.2048306823850752
2024-04-10 00:01:38,586 - INFO - Validate loss 0.22023730973402658
2024-04-10 00:01:39,153 - INFO - Train epoch 31, loss 0.20222925014860996
2024-04-10 00:01:39,169 - INFO - Validate loss 0.22333221634229025
2024-04-10 00:01:39,740 - INFO - Train epoch 32, loss 0.2002290742891329
2024-04-10 00:01:39,756 - INFO - Validate loss 0.22257530192534128
2024-04-10 00:01:40,324 - INFO - Train epoch 33, loss 0.198934725168589
2024-04-10 00:01:40,340 - INFO - Validate loss 0.21632879972457886
2024-04-10 00:01:40,340 - INFO - Save model to d:\XLoglizer\loglizer/checkpoints/20240410000119.pth
2024-04-10 00:01:40,920 - INFO - Train epoch 34, loss 0.1982385716526895
2024-04-10 00:01:40,936 - INFO - Validate loss 0.2261644055445989
2024-04-10 00:01:41,518 - INFO - Train epoch 35, loss 0.1986876212530308
2024-04-10 00:01:41,534 - INFO - Validate loss 0.22287552058696747
2024-04-10 00:01:42,112 - INFO - Train epoch 36, loss 0.19800419832940575
2024-04-10 00:01:42,128 - INFO - Validate loss 0.22158339122931162
2024-04-10 00:01:42,700 - INFO - Train epoch 37, loss 0.19795111475495605
2024-04-10 00:01:42,715 - INFO - Validate loss 0.21826787292957306
2024-04-10 00:01:43,285 - INFO - Train epoch 38, loss 0.19846468816200893
2024-04-10 00:01:43,301 - INFO - Validate loss 0.2196090171734492
2024-04-10 00:01:43,865 - INFO - Train epoch 39, loss 0.20225017441285623
2024-04-10 00:01:43,884 - INFO - Validate loss 0.22447210053602853
2024-04-10 00:01:44,451 - INFO - Train epoch 40, loss 0.1998890650836197
2024-04-10 00:01:44,471 - INFO - Validate loss 0.22854275504748026
2024-04-10 00:01:45,036 - INFO - Train epoch 41, loss 0.19838426901145023
2024-04-10 00:01:45,052 - INFO - Validate loss 0.2174094170331955
2024-04-10 00:01:45,617 - INFO - Train epoch 42, loss 0.19510174254039386
2024-04-10 00:01:45,636 - INFO - Validate loss 0.21886269251505533
2024-04-10 00:01:46,202 - INFO - Train epoch 43, loss 0.1951446110063845
2024-04-10 00:01:46,218 - INFO - Validate loss 0.2266551355520884
2024-04-10 00:01:46,801 - INFO - Train epoch 44, loss 0.1956829005667755
2024-04-10 00:01:46,816 - INFO - Validate loss 0.21553458273410797
2024-04-10 00:01:46,816 - INFO - Save model to d:\XLoglizer\loglizer/checkpoints/20240410000119.pth
2024-04-10 00:01:47,390 - INFO - Train epoch 45, loss 0.1959261055599462
2024-04-10 00:01:47,407 - INFO - Validate loss 0.21738664309183756
2024-04-10 00:01:47,971 - INFO - Train epoch 46, loss 0.20433403198514974
2024-04-10 00:01:47,987 - INFO - Validate loss 0.22403122981389365
2024-04-10 00:01:48,556 - INFO - Train epoch 47, loss 0.19582037096087998
2024-04-10 00:01:48,574 - INFO - Validate loss 0.21786298354466757
2024-04-10 00:01:49,141 - INFO - Train epoch 48, loss 0.19492312910723256
2024-04-10 00:01:49,160 - INFO - Validate loss 0.22015094260374704
2024-04-10 00:01:49,727 - INFO - Train epoch 49, loss 0.19925361160222474
2024-04-10 00:01:49,778 - INFO - Validate loss 0.21493064860502878
2024-04-10 00:01:49,779 - INFO - Save model to d:\XLoglizer\loglizer/checkpoints/20240410000119.pth
2024-04-10 00:01:50,349 - INFO - Train epoch 50, loss 0.1931683241649791
2024-04-10 00:01:50,366 - INFO - Validate loss 0.21749694148699442
2024-04-10 00:01:50,366 - INFO - Load model from d:\XLoglizer\loglizer/checkpoints/20240410000119.pth
2024-04-10 00:02:15,900 - INFO - {'topk': 1, 'false positive': 173095, 'false negative': 0, 'precision': 0.08865231423712572, 'recall': 1.0, 'f1': 0.162866165951705, 'accuracy': 0.6944138437528689}
2024-04-10 00:02:15,934 - INFO - {'topk': 2, 'false positive': 112614, 'false negative': 4, 'precision': 0.13004449663185216, 'recall': 0.9997624420952608, 'f1': 0.23015189423458157, 'accuracy': 0.8011814220847545}
2024-04-10 00:02:15,966 - INFO - {'topk': 3, 'false positive': 53440, 'false negative': 11, 'precision': 0.239472298518508, 'recall': 0.999346715761967, 'f1': 0.3863612881005683, 'accuracy': 0.9056362943033281}
2024-04-10 00:02:15,997 - INFO - {'topk': 4, 'false positive': 4414, 'false negative': 22, 'precision': 0.792086669806877, 'recall': 0.998693431523934, 'f1': 0.8834716822528107, 'accuracy': 0.9921685768559908}
2024-04-10 00:02:16,032 - INFO - {'topk': 5, 'false positive': 2070, 'false negative': 407, 'precision': 0.8881141559915681, 'recall': 0.9758284831927783, 'f1': 0.9299074676702793, 'accuracy': 0.995627043478875}
2024-04-10 00:02:16,063 - INFO - {'topk': 6, 'false positive': 1564, 'false negative': 577, 'precision': 0.912258064516129, 'recall': 0.9657322722413588, 'f1': 0.9382338516573868, 'accuracy': 0.9962202261155717}
2024-04-10 00:02:16,094 - INFO - {'topk': 7, 'false positive': 1342, 'false negative': 723, 'precision': 0.9231253938248267, 'recall': 0.9570614087183751, 'f1': 0.9397871409826505, 'accuracy': 0.9963543983786342}
2024-04-10 00:02:16,124 - INFO - {'topk': 8, 'false positive': 1036, 'false negative': 841, 'precision': 0.9391768919156931, 'recall': 0.9500534505285664, 'f1': 0.9445838623010835, 'accuracy': 0.9966862981872621}
2024-04-10 00:02:16,154 - INFO - {'topk': 9, 'false positive': 728, 'false negative': 4182, 'precision': 0.9456066945606695, 'recall': 0.7516332105950826, 'f1': 0.8375355701144861, 'accuracy': 0.9913317656363649}
