2024-04-08 22:08:54,009 - INFO - Train epoch 1, loss 0.6013331004091211
2024-04-08 22:08:54,054 - INFO - Validate loss 0.3720197180906932
2024-04-08 22:08:54,054 - INFO - Save model to d:\XLoglizer\loglizer/checkpoints/20240408220851.pth
2024-04-08 22:08:54,755 - INFO - Train epoch 2, loss 0.3633891485295854
2024-04-08 22:08:54,790 - INFO - Validate loss 0.2994213402271271
2024-04-08 22:08:54,791 - INFO - Save model to d:\XLoglizer\loglizer/checkpoints/20240408220851.pth
2024-04-08 22:08:55,484 - INFO - Train epoch 3, loss 0.32082096268464855
2024-04-08 22:08:55,516 - INFO - Validate loss 0.323048194249471
2024-04-08 22:08:56,195 - INFO - Train epoch 4, loss 0.2871340136807244
2024-04-08 22:08:56,227 - INFO - Validate loss 0.2638922731081645
2024-04-08 22:08:56,227 - INFO - Save model to d:\XLoglizer\loglizer/checkpoints/20240408220851.pth
2024-04-08 22:08:56,923 - INFO - Train epoch 5, loss 0.25301918501521015
2024-04-08 22:08:56,957 - INFO - Validate loss 0.2326089640458425
2024-04-08 22:08:56,957 - INFO - Save model to d:\XLoglizer\loglizer/checkpoints/20240408220851.pth
2024-04-08 22:08:57,649 - INFO - Train epoch 6, loss 0.24190360817823325
2024-04-08 22:08:57,683 - INFO - Validate loss 0.2474476397037506
2024-04-08 22:08:58,386 - INFO - Train epoch 7, loss 0.24852785576839706
2024-04-08 22:08:58,420 - INFO - Validate loss 0.275757759809494
2024-04-08 22:08:59,102 - INFO - Train epoch 8, loss 0.25055096181663306
2024-04-08 22:08:59,134 - INFO - Validate loss 0.22648214300473532
2024-04-08 22:08:59,134 - INFO - Save model to d:\XLoglizer\loglizer/checkpoints/20240408220851.pth
2024-04-08 22:08:59,818 - INFO - Train epoch 9, loss 0.22421724150578182
2024-04-08 22:08:59,853 - INFO - Validate loss 0.22181706627209982
2024-04-08 22:08:59,853 - INFO - Save model to d:\XLoglizer\loglizer/checkpoints/20240408220851.pth
2024-04-08 22:09:00,547 - INFO - Train epoch 10, loss 0.23032037657391918
2024-04-08 22:09:00,581 - INFO - Validate loss 0.23749599357446036
2024-04-08 22:09:01,264 - INFO - Train epoch 11, loss 0.2287971499266925
2024-04-08 22:09:01,297 - INFO - Validate loss 0.23263072967529297
2024-04-08 22:09:01,980 - INFO - Train epoch 12, loss 0.22379388674959405
2024-04-08 22:09:02,013 - INFO - Validate loss 0.22578566273053488
2024-04-08 22:09:02,697 - INFO - Train epoch 13, loss 0.21636373165759953
2024-04-08 22:09:02,763 - INFO - Validate loss 0.2224418024222056
2024-04-08 22:09:03,472 - INFO - Train epoch 14, loss 0.22595784650729583
2024-04-08 22:09:03,506 - INFO - Validate loss 0.2296162247657776
2024-04-08 22:09:04,195 - INFO - Train epoch 15, loss 0.21568628307935353
2024-04-08 22:09:04,227 - INFO - Validate loss 0.23030702769756317
2024-04-08 22:09:04,913 - INFO - Train epoch 16, loss 0.21602539210706143
2024-04-08 22:09:04,946 - INFO - Validate loss 0.22947566211223602
2024-04-08 22:09:05,629 - INFO - Train epoch 17, loss 0.22511831382373432
2024-04-08 22:09:05,661 - INFO - Validate loss 0.23291862507661185
2024-04-08 22:09:06,343 - INFO - Train epoch 18, loss 0.21497736516836527
2024-04-08 22:09:06,376 - INFO - Validate loss 0.22170279423395792
2024-04-08 22:09:06,377 - INFO - Save model to d:\XLoglizer\loglizer/checkpoints/20240408220851.pth
2024-04-08 22:09:07,063 - INFO - Train epoch 19, loss 0.219538475747581
2024-04-08 22:09:07,097 - INFO - Validate loss 0.23531574010849
2024-04-08 22:09:07,781 - INFO - Train epoch 20, loss 0.22385722169199507
2024-04-08 22:09:07,815 - INFO - Validate loss 0.22894643743832907
2024-04-08 22:09:08,511 - INFO - Train epoch 21, loss 0.2156584951925922
2024-04-08 22:09:08,546 - INFO - Validate loss 0.21562748154004416
2024-04-08 22:09:08,546 - INFO - Save model to d:\XLoglizer\loglizer/checkpoints/20240408220851.pth
2024-04-08 22:09:09,232 - INFO - Train epoch 22, loss 0.21631809597885288
2024-04-08 22:09:09,265 - INFO - Validate loss 0.22518589595953623
2024-04-08 22:09:09,943 - INFO - Train epoch 23, loss 0.20501837161210207
2024-04-08 22:09:09,976 - INFO - Validate loss 0.21369954446951547
2024-04-08 22:09:09,976 - INFO - Save model to d:\XLoglizer\loglizer/checkpoints/20240408220851.pth
2024-04-08 22:09:10,657 - INFO - Train epoch 24, loss 0.20339538716786618
2024-04-08 22:09:10,690 - INFO - Validate loss 0.21308242777983347
2024-04-08 22:09:10,691 - INFO - Save model to d:\XLoglizer\loglizer/checkpoints/20240408220851.pth
2024-04-08 22:09:11,375 - INFO - Train epoch 25, loss 0.21008523240819707
2024-04-08 22:09:11,409 - INFO - Validate loss 0.2176014631986618
2024-04-08 22:09:12,087 - INFO - Train epoch 26, loss 0.20423890215319557
2024-04-08 22:09:12,122 - INFO - Validate loss 0.2203129529953003
2024-04-08 22:09:12,833 - INFO - Train epoch 27, loss 0.2164415575228296
2024-04-08 22:09:12,867 - INFO - Validate loss 0.22060763339201608
2024-04-08 22:09:13,596 - INFO - Train epoch 28, loss 0.20902979416890188
2024-04-08 22:09:13,630 - INFO - Validate loss 0.21841571231683096
2024-04-08 22:09:14,323 - INFO - Train epoch 29, loss 0.2039731990915161
2024-04-08 22:09:14,357 - INFO - Validate loss 0.22356597085793814
2024-04-08 22:09:15,045 - INFO - Train epoch 30, loss 0.20493126805569675
2024-04-08 22:09:15,077 - INFO - Validate loss 0.21202037235101065
2024-04-08 22:09:15,078 - INFO - Save model to d:\XLoglizer\loglizer/checkpoints/20240408220851.pth
2024-04-08 22:09:15,766 - INFO - Train epoch 31, loss 0.20683196681039828
2024-04-08 22:09:15,800 - INFO - Validate loss 0.21341557800769806
2024-04-08 22:09:16,483 - INFO - Train epoch 32, loss 0.20861607054332354
2024-04-08 22:09:16,517 - INFO - Validate loss 0.21857398251692453
2024-04-08 22:09:17,202 - INFO - Train epoch 33, loss 0.20745715478787552
2024-04-08 22:09:17,235 - INFO - Validate loss 0.22136006752649942
2024-04-08 22:09:17,917 - INFO - Train epoch 34, loss 0.2093832786958497
2024-04-08 22:09:17,949 - INFO - Validate loss 0.22178475062052408
2024-04-08 22:09:18,650 - INFO - Train epoch 35, loss 0.20853839524694393
2024-04-08 22:09:18,682 - INFO - Validate loss 0.22478016217549643
2024-04-08 22:09:19,367 - INFO - Train epoch 36, loss 0.20521092886054837
2024-04-08 22:09:19,399 - INFO - Validate loss 0.2200204978386561
2024-04-08 22:09:20,082 - INFO - Train epoch 37, loss 0.21934540729533444
2024-04-08 22:09:20,115 - INFO - Validate loss 0.223911722501119
2024-04-08 22:09:20,798 - INFO - Train epoch 38, loss 0.20046339937158533
2024-04-08 22:09:20,832 - INFO - Validate loss 0.21943794190883636
2024-04-08 22:09:21,516 - INFO - Train epoch 39, loss 0.20149398889090564
2024-04-08 22:09:21,552 - INFO - Validate loss 0.22621461749076843
2024-04-08 22:09:22,257 - INFO - Train epoch 40, loss 0.19850706954125885
2024-04-08 22:09:22,291 - INFO - Validate loss 0.21417801082134247
2024-04-08 22:09:22,975 - INFO - Train epoch 41, loss 0.21885254877107638
2024-04-08 22:09:23,008 - INFO - Validate loss 0.220874751607577
2024-04-08 22:09:23,695 - INFO - Train epoch 42, loss 0.2045566958484349
2024-04-08 22:09:23,729 - INFO - Validate loss 0.21675392985343933
2024-04-08 22:09:24,412 - INFO - Train epoch 43, loss 0.20388771278095674
2024-04-08 22:09:24,446 - INFO - Validate loss 0.21860575675964355
2024-04-08 22:09:25,128 - INFO - Train epoch 44, loss 0.19976104221365473
2024-04-08 22:09:25,160 - INFO - Validate loss 0.2156819005807241
2024-04-08 22:09:25,844 - INFO - Train epoch 45, loss 0.21024610577402889
2024-04-08 22:09:25,879 - INFO - Validate loss 0.22314338882764181
2024-04-08 22:09:26,567 - INFO - Train epoch 46, loss 0.20588843770123816
2024-04-08 22:09:26,601 - INFO - Validate loss 0.2141262392203013
2024-04-08 22:09:27,281 - INFO - Train epoch 47, loss 0.22295599900655919
2024-04-08 22:09:27,315 - INFO - Validate loss 0.22044499715169272
2024-04-08 22:09:27,998 - INFO - Train epoch 48, loss 0.20588711051790565
2024-04-08 22:09:28,030 - INFO - Validate loss 0.22729308903217316
2024-04-08 22:09:28,719 - INFO - Train epoch 49, loss 0.20497738184692624
2024-04-08 22:09:28,753 - INFO - Validate loss 0.2205443580945333
2024-04-08 22:09:29,437 - INFO - Train epoch 50, loss 0.20218823521255372
2024-04-08 22:09:29,469 - INFO - Validate loss 0.21281651655832926
2024-04-08 22:09:29,469 - INFO - Load model from d:\XLoglizer\loglizer/checkpoints/20240408220851.pth
2024-04-08 22:10:01,618 - INFO - {'topk': 1, 'false positive': 193616, 'false negative': 0, 'precision': 0.0800079827420719, 'recall': 1.0, 'f1': 0.14816183587631768, 'accuracy': 0.6581855673015133}
2024-04-08 22:10:01,652 - INFO - {'topk': 2, 'false positive': 112795, 'false negative': 0, 'precision': 0.12988976572323405, 'recall': 1.0, 'f1': 0.2299158195137604, 'accuracy': 0.8008689419457803}
2024-04-08 22:10:01,684 - INFO - {'topk': 3, 'false positive': 53139, 'false negative': 0, 'precision': 0.24062191863040713, 'recall': 1.0, 'f1': 0.3879053159016299, 'accuracy': 0.9061871067516896}
2024-04-08 22:10:01,713 - INFO - {'topk': 4, 'false positive': 3759, 'false negative': 2, 'precision': 0.8174799708667152, 'recall': 0.9998812210476303, 'f1': 0.8995271551839286, 'accuracy': 0.9933602384029264}
2024-04-08 22:10:01,742 - INFO - {'topk': 5, 'false positive': 1926, 'false negative': 376, 'precision': 0.8952577768109636, 'recall': 0.9776695569545076, 'f1': 0.9346505422131379, 'accuracy': 0.9959359927688212}
2024-04-08 22:10:01,771 - INFO - {'topk': 6, 'false positive': 1573, 'false negative': 493, 'precision': 0.9122111842839603, 'recall': 0.9707209882408837, 'f1': 0.9405570261249856, 'accuracy': 0.9963526329541201}
2024-04-08 22:10:01,799 - INFO - {'topk': 7, 'false positive': 962, 'false negative': 913, 'precision': 0.9430331023864511, 'recall': 0.9457774082432593, 'f1': 0.9444032616753151, 'accuracy': 0.9966898290362901}
2024-04-08 22:10:01,827 - INFO - {'topk': 8, 'false positive': 808, 'false negative': 1140, 'precision': 0.9510481037198595, 'recall': 0.9322959971493051, 'f1': 0.9415786948176582, 'accuracy': 0.9965609530467696}
2024-04-08 22:10:01,856 - INFO - {'topk': 9, 'false positive': 708, 'false negative': 1404, 'precision': 0.9561392640317184, 'recall': 0.9166171754365127, 'f1': 0.9359611885991511, 'accuracy': 0.9962714234264771}
