2024-04-08 22:06:18,766 - INFO - Train epoch 1, loss 0.6013331004091211
2024-04-08 22:06:18,810 - INFO - Validate loss 0.3720197180906932
2024-04-08 22:06:18,810 - INFO - Save model to d:\XLoglizer\loglizer/checkpoints/20240408220616.pth
2024-04-08 22:06:19,513 - INFO - Train epoch 2, loss 0.3633891485295854
2024-04-08 22:06:19,547 - INFO - Validate loss 0.2994213402271271
2024-04-08 22:06:19,547 - INFO - Save model to d:\XLoglizer\loglizer/checkpoints/20240408220616.pth
2024-04-08 22:06:20,242 - INFO - Train epoch 3, loss 0.32082096268464855
2024-04-08 22:06:20,275 - INFO - Validate loss 0.323048194249471
2024-04-08 22:06:20,958 - INFO - Train epoch 4, loss 0.2871340136807244
2024-04-08 22:06:20,990 - INFO - Validate loss 0.2638922731081645
2024-04-08 22:06:20,990 - INFO - Save model to d:\XLoglizer\loglizer/checkpoints/20240408220616.pth
2024-04-08 22:06:21,677 - INFO - Train epoch 5, loss 0.25301918501521015
2024-04-08 22:06:21,712 - INFO - Validate loss 0.2326089640458425
2024-04-08 22:06:21,712 - INFO - Save model to d:\XLoglizer\loglizer/checkpoints/20240408220616.pth
2024-04-08 22:06:22,398 - INFO - Train epoch 6, loss 0.24190360817823325
2024-04-08 22:06:22,432 - INFO - Validate loss 0.2474476397037506
2024-04-08 22:06:23,122 - INFO - Train epoch 7, loss 0.24852785576839706
2024-04-08 22:06:23,155 - INFO - Validate loss 0.275757759809494
2024-04-08 22:06:23,855 - INFO - Train epoch 8, loss 0.25055096181663306
2024-04-08 22:06:23,889 - INFO - Validate loss 0.22648214300473532
2024-04-08 22:06:23,890 - INFO - Save model to d:\XLoglizer\loglizer/checkpoints/20240408220616.pth
2024-04-08 22:06:24,597 - INFO - Train epoch 9, loss 0.22421724150578182
2024-04-08 22:06:24,631 - INFO - Validate loss 0.22181706627209982
2024-04-08 22:06:24,631 - INFO - Save model to d:\XLoglizer\loglizer/checkpoints/20240408220616.pth
2024-04-08 22:06:25,320 - INFO - Train epoch 10, loss 0.23032037657391918
2024-04-08 22:06:25,352 - INFO - Validate loss 0.23749599357446036
2024-04-08 22:06:26,041 - INFO - Train epoch 11, loss 0.2287971499266925
2024-04-08 22:06:26,075 - INFO - Validate loss 0.23263072967529297
2024-04-08 22:06:26,787 - INFO - Train epoch 12, loss 0.22379388674959405
2024-04-08 22:06:26,821 - INFO - Validate loss 0.22578566273053488
2024-04-08 22:06:27,516 - INFO - Train epoch 13, loss 0.21636373165759953
2024-04-08 22:06:27,583 - INFO - Validate loss 0.2224418024222056
2024-04-08 22:06:28,273 - INFO - Train epoch 14, loss 0.22595784650729583
2024-04-08 22:06:28,306 - INFO - Validate loss 0.2296162247657776
2024-04-08 22:06:29,031 - INFO - Train epoch 15, loss 0.21568628307935353
2024-04-08 22:06:29,064 - INFO - Validate loss 0.23030702769756317
2024-04-08 22:06:29,747 - INFO - Train epoch 16, loss 0.21602539210706143
2024-04-08 22:06:29,781 - INFO - Validate loss 0.22947566211223602
2024-04-08 22:06:30,459 - INFO - Train epoch 17, loss 0.22511831382373432
2024-04-08 22:06:30,491 - INFO - Validate loss 0.23291862507661185
2024-04-08 22:06:31,169 - INFO - Train epoch 18, loss 0.21497736516836527
2024-04-08 22:06:31,201 - INFO - Validate loss 0.22170279423395792
2024-04-08 22:06:31,202 - INFO - Save model to d:\XLoglizer\loglizer/checkpoints/20240408220616.pth
2024-04-08 22:06:31,879 - INFO - Train epoch 19, loss 0.219538475747581
2024-04-08 22:06:31,913 - INFO - Validate loss 0.23531574010849
2024-04-08 22:06:32,591 - INFO - Train epoch 20, loss 0.22385722169199507
2024-04-08 22:06:32,625 - INFO - Validate loss 0.22894643743832907
2024-04-08 22:06:33,300 - INFO - Train epoch 21, loss 0.2156584951925922
2024-04-08 22:06:33,333 - INFO - Validate loss 0.21562748154004416
2024-04-08 22:06:33,333 - INFO - Save model to d:\XLoglizer\loglizer/checkpoints/20240408220616.pth
2024-04-08 22:06:34,023 - INFO - Train epoch 22, loss 0.21631809597885288
2024-04-08 22:06:34,055 - INFO - Validate loss 0.22518589595953623
2024-04-08 22:06:34,738 - INFO - Train epoch 23, loss 0.20501837161210207
2024-04-08 22:06:34,771 - INFO - Validate loss 0.21369954446951547
2024-04-08 22:06:34,771 - INFO - Save model to d:\XLoglizer\loglizer/checkpoints/20240408220616.pth
2024-04-08 22:06:35,449 - INFO - Train epoch 24, loss 0.20339538716786618
2024-04-08 22:06:35,482 - INFO - Validate loss 0.21308242777983347
2024-04-08 22:06:35,482 - INFO - Save model to d:\XLoglizer\loglizer/checkpoints/20240408220616.pth
2024-04-08 22:06:36,164 - INFO - Train epoch 25, loss 0.21008523240819707
2024-04-08 22:06:36,197 - INFO - Validate loss 0.2176014631986618
2024-04-08 22:06:36,875 - INFO - Train epoch 26, loss 0.20423890215319557
2024-04-08 22:06:36,908 - INFO - Validate loss 0.2203129529953003
2024-04-08 22:06:37,587 - INFO - Train epoch 27, loss 0.2164415575228296
2024-04-08 22:06:37,619 - INFO - Validate loss 0.22060763339201608
2024-04-08 22:06:38,293 - INFO - Train epoch 28, loss 0.20902979416890188
2024-04-08 22:06:38,325 - INFO - Validate loss 0.21841571231683096
2024-04-08 22:06:39,016 - INFO - Train epoch 29, loss 0.2039731990915161
2024-04-08 22:06:39,049 - INFO - Validate loss 0.22356597085793814
2024-04-08 22:06:39,738 - INFO - Train epoch 30, loss 0.20493126805569675
2024-04-08 22:06:39,771 - INFO - Validate loss 0.21202037235101065
2024-04-08 22:06:39,772 - INFO - Save model to d:\XLoglizer\loglizer/checkpoints/20240408220616.pth
2024-04-08 22:06:39,773 - INFO - Load model from d:\XLoglizer\loglizer/checkpoints/20240408220616.pth
2024-04-08 22:07:11,338 - INFO - {'topk': 1, 'false positive': 193616, 'false negative': 0, 'precision': 0.0800079827420719, 'recall': 1.0, 'f1': 0.14816183587631768, 'accuracy': 0.6581855673015133}
2024-04-08 22:07:11,372 - INFO - {'topk': 2, 'false positive': 112795, 'false negative': 0, 'precision': 0.12988976572323405, 'recall': 1.0, 'f1': 0.2299158195137604, 'accuracy': 0.8008689419457803}
2024-04-08 22:07:11,404 - INFO - {'topk': 3, 'false positive': 53139, 'false negative': 0, 'precision': 0.24062191863040713, 'recall': 1.0, 'f1': 0.3879053159016299, 'accuracy': 0.9061871067516896}
2024-04-08 22:07:11,434 - INFO - {'topk': 4, 'false positive': 3759, 'false negative': 2, 'precision': 0.8174799708667152, 'recall': 0.9998812210476303, 'f1': 0.8995271551839286, 'accuracy': 0.9933602384029264}
2024-04-08 22:07:11,462 - INFO - {'topk': 5, 'false positive': 1926, 'false negative': 376, 'precision': 0.8952577768109636, 'recall': 0.9776695569545076, 'f1': 0.9346505422131379, 'accuracy': 0.9959359927688212}
2024-04-08 22:07:11,491 - INFO - {'topk': 6, 'false positive': 1573, 'false negative': 493, 'precision': 0.9122111842839603, 'recall': 0.9707209882408837, 'f1': 0.9405570261249856, 'accuracy': 0.9963526329541201}
2024-04-08 22:07:11,520 - INFO - {'topk': 7, 'false positive': 962, 'false negative': 913, 'precision': 0.9430331023864511, 'recall': 0.9457774082432593, 'f1': 0.9444032616753151, 'accuracy': 0.9966898290362901}
2024-04-08 22:07:11,549 - INFO - {'topk': 8, 'false positive': 808, 'false negative': 1140, 'precision': 0.9510481037198595, 'recall': 0.9322959971493051, 'f1': 0.9415786948176582, 'accuracy': 0.9965609530467696}
2024-04-08 22:07:11,577 - INFO - {'topk': 9, 'false positive': 708, 'false negative': 1404, 'precision': 0.9561392640317184, 'recall': 0.9166171754365127, 'f1': 0.9359611885991511, 'accuracy': 0.9962714234264771}
